<?xml version="1.0" encoding="UTF-8"?>
<testsuite name="com.pibbletv.category_service.integration.CategoryControllerTest" tests="1" skipped="0" failures="0" errors="0" timestamp="2025-05-10T00:07:05.479Z" hostname="DESKTOP-NS6POVE" time="0.262">
  <properties/>
  <testcase name="deleteCategory_shouldReturnForbidden_whenUserHasNoAdminRole()" classname="com.pibbletv.category_service.integration.CategoryControllerTest" time="0.262"/>
  <system-out><![CDATA[02:06:55.628 [Test worker] INFO org.springframework.test.context.support.AnnotationConfigContextLoaderUtils -- Could not detect default configuration classes for test class [com.pibbletv.category_service.integration.CategoryControllerTest]: CategoryControllerTest does not declare any static, non-private, non-final, nested classes annotated with @Configuration.
02:06:55.900 [Test worker] INFO org.springframework.boot.test.context.SpringBootTestContextBootstrapper -- Found @SpringBootConfiguration com.pibbletv.category_service.CategoryServiceApplication for test class com.pibbletv.category_service.integration.CategoryControllerTest

  .   ____          _            __ _ _
 /\\ / ___'_ __ _ _(_)_ __  __ _ \ \ \ \
( ( )\___ | '_ | '_| | '_ \/ _` | \ \ \ \
 \\/  ___)| |_)| | | | | || (_| |  ) ) ) )
  '  |____| .__|_| |_|_| |_\__, | / / / /
 =========|_|==============|___/=/_/_/_/

 :: Spring Boot ::                (v3.4.4)

2025-05-10T02:07:00.324+02:00  INFO 2904 --- [category-service] [    Test worker] c.p.c.i.CategoryControllerTest           : Starting CategoryControllerTest using Java 17.0.12 with PID 2904 (started by hristo in D:\Individual Assignment\PibbleTV-Backend\category-service)
2025-05-10T02:07:00.327+02:00  INFO 2904 --- [category-service] [    Test worker] c.p.c.i.CategoryControllerTest           : The following 1 profile is active: "dev"
2025-05-10T02:07:01.725+02:00  INFO 2904 --- [category-service] [    Test worker] .s.d.r.c.RepositoryConfigurationDelegate : Bootstrapping Spring Data R2DBC repositories in DEFAULT mode.
2025-05-10T02:07:02.101+02:00  INFO 2904 --- [category-service] [    Test worker] .s.d.r.c.RepositoryConfigurationDelegate : Finished Spring Data repository scanning in 343 ms. Found 1 R2DBC repository interface.
2025-05-10T02:07:02.420+02:00  INFO 2904 --- [category-service] [    Test worker] o.s.cloud.context.scope.GenericScope     : BeanFactory id=a5ade07f-dbe3-366f-a121-cc8c986f751f
2025-05-10T02:07:04.305+02:00  INFO 2904 --- [category-service] [    Test worker] ctiveUserDetailsServiceAutoConfiguration : 

Using generated security password: 0e6003dc-c0c0-4afa-ae1d-a0d0c047c4a8

2025-05-10T02:07:05.194+02:00  INFO 2904 --- [category-service] [    Test worker] DiscoveryClientOptionalArgsConfiguration : Eureka HTTP Client uses RestTemplate.
2025-05-10T02:07:05.425+02:00  WARN 2904 --- [category-service] [    Test worker] iguration$LoadBalancerCaffeineWarnLogger : Spring Cloud LoadBalancer is currently working with the default cache. While this cache implementation is useful for development and tests, it's recommended to use Caffeine cache in production.You can switch to using Caffeine cache, by adding it and org.springframework.cache.caffeine.CaffeineCacheManager to the classpath.
2025-05-10T02:07:05.468+02:00  INFO 2904 --- [category-service] [    Test worker] c.p.c.i.CategoryControllerTest           : Started CategoryControllerTest in 6.258 seconds (process running for 11.841)
]]></system-out>
  <system-err><![CDATA[]]></system-err>
</testsuite>
