<?xml version="1.0" encoding="UTF-8"?>
<testsuite name="com.pibbletv.category_service.CategoryServiceApplicationTests" tests="1" skipped="0" failures="0" errors="0" timestamp="2025-05-16T18:05:50.328Z" hostname="DESKTOP-NS6POVE" time="0.943">
  <properties/>
  <testcase name="contextLoads()" classname="com.pibbletv.category_service.CategoryServiceApplicationTests" time="0.943"/>
  <system-out><![CDATA[20:05:44.485 [Test worker] INFO org.springframework.test.context.support.AnnotationConfigContextLoaderUtils -- Could not detect default configuration classes for test class [com.pibbletv.category_service.CategoryServiceApplicationTests]: CategoryServiceApplicationTests does not declare any static, non-private, non-final, nested classes annotated with @Configuration.
20:05:44.721 [Test worker] INFO org.springframework.boot.test.context.SpringBootTestContextBootstrapper -- Found @SpringBootConfiguration com.pibbletv.category_service.CategoryServiceApplication for test class com.pibbletv.category_service.CategoryServiceApplicationTests

  .   ____          _            __ _ _
 /\\ / ___'_ __ _ _(_)_ __  __ _ \ \ \ \
( ( )\___ | '_ | '_| | '_ \/ _` | \ \ \ \
 \\/  ___)| |_)| | | | | || (_| |  ) ) ) )
  '  |____| .__|_| |_|_| |_\__, | / / / /
 =========|_|==============|___/=/_/_/_/

 :: Spring Boot ::                (v3.4.4)

2025-05-16T20:05:45.999+02:00  INFO 8692 --- [category-service] [    Test worker] c.p.c.CategoryServiceApplicationTests    : Starting CategoryServiceApplicationTests using Java 17.0.12 with PID 8692 (started by hristo in D:\Individual Assignment\PibbleTV-Backend\category-service)
2025-05-16T20:05:46.008+02:00  INFO 8692 --- [category-service] [    Test worker] c.p.c.CategoryServiceApplicationTests    : The following 1 profile is active: "test"
2025-05-16T20:05:47.027+02:00  INFO 8692 --- [category-service] [    Test worker] .s.d.r.c.RepositoryConfigurationDelegate : Bootstrapping Spring Data R2DBC repositories in DEFAULT mode.
2025-05-16T20:05:47.294+02:00  INFO 8692 --- [category-service] [    Test worker] .s.d.r.c.RepositoryConfigurationDelegate : Finished Spring Data repository scanning in 256 ms. Found 1 R2DBC repository interface.
2025-05-16T20:05:47.706+02:00  INFO 8692 --- [category-service] [    Test worker] o.s.cloud.context.scope.GenericScope     : BeanFactory id=a2d25cf3-0b97-3f67-9d84-767fd8c3ee56
2025-05-16T20:05:48.650+02:00  INFO 8692 --- [category-service] [    Test worker] ctiveUserDetailsServiceAutoConfiguration : 

Using generated security password: 9e12f797-f2d9-4254-a5bb-645a50f3b329

2025-05-16T20:05:49.554+02:00 DEBUG 8692 --- [category-service] [    Test worker] o.s.w.s.adapter.HttpWebHandlerAdapter    : enableLoggingRequestDetails='false': form data and headers will be masked to prevent unsafe logging of potentially sensitive data
2025-05-16T20:05:49.943+02:00  INFO 8692 --- [category-service] [    Test worker] DiscoveryClientOptionalArgsConfiguration : Eureka HTTP Client uses RestTemplate.
2025-05-16T20:05:50.193+02:00  WARN 8692 --- [category-service] [    Test worker] iguration$LoadBalancerCaffeineWarnLogger : Spring Cloud LoadBalancer is currently working with the default cache. While this cache implementation is useful for development and tests, it's recommended to use Caffeine cache in production.You can switch to using Caffeine cache, by adding it and org.springframework.cache.caffeine.CaffeineCacheManager to the classpath.
2025-05-16T20:05:50.321+02:00  INFO 8692 --- [category-service] [    Test worker] c.p.c.CategoryServiceApplicationTests    : Started CategoryServiceApplicationTests in 5.075 seconds (process running for 7.698)
]]></system-out>
  <system-err><![CDATA[]]></system-err>
</testsuite>
