<?xml version="1.0" encoding="UTF-8"?>
<testsuite name="com.pibbletv.category_service.integration.CategoryControllerTest" tests="1" skipped="0" failures="0" errors="0" timestamp="2025-05-10T00:45:18.307Z" hostname="DESKTOP-NS6POVE" time="0.394">
  <properties/>
  <testcase name="addCategory_shouldReturnForbidden_whenUserHasNoAdminRole()" classname="com.pibbletv.category_service.integration.CategoryControllerTest" time="0.394"/>
  <system-out><![CDATA[02:45:10.168 [Test worker] INFO org.springframework.test.context.support.AnnotationConfigContextLoaderUtils -- Could not detect default configuration classes for test class [com.pibbletv.category_service.integration.CategoryControllerTest]: CategoryControllerTest does not declare any static, non-private, non-final, nested classes annotated with @Configuration.
02:45:10.437 [Test worker] INFO org.springframework.boot.test.context.SpringBootTestContextBootstrapper -- Found @SpringBootConfiguration com.pibbletv.category_service.CategoryServiceApplication for test class com.pibbletv.category_service.integration.CategoryControllerTest

  .   ____          _            __ _ _
 /\\ / ___'_ __ _ _(_)_ __  __ _ \ \ \ \
( ( )\___ | '_ | '_| | '_ \/ _` | \ \ \ \
 \\/  ___)| |_)| | | | | || (_| |  ) ) ) )
  '  |____| .__|_| |_|_| |_\__, | / / / /
 =========|_|==============|___/=/_/_/_/

 :: Spring Boot ::                (v3.4.4)

2025-05-10T02:45:13.553+02:00  INFO 9460 --- [category-service] [    Test worker] c.p.c.i.CategoryControllerTest           : Starting CategoryControllerTest using Java 17.0.12 with PID 9460 (started by hristo in D:\Individual Assignment\PibbleTV-Backend\category-service)
2025-05-10T02:45:13.555+02:00  INFO 9460 --- [category-service] [    Test worker] c.p.c.i.CategoryControllerTest           : The following 1 profile is active: "dev"
2025-05-10T02:45:14.765+02:00  INFO 9460 --- [category-service] [    Test worker] .s.d.r.c.RepositoryConfigurationDelegate : Bootstrapping Spring Data R2DBC repositories in DEFAULT mode.
2025-05-10T02:45:15.103+02:00  INFO 9460 --- [category-service] [    Test worker] .s.d.r.c.RepositoryConfigurationDelegate : Finished Spring Data repository scanning in 322 ms. Found 1 R2DBC repository interface.
2025-05-10T02:45:15.420+02:00  INFO 9460 --- [category-service] [    Test worker] o.s.cloud.context.scope.GenericScope     : BeanFactory id=d4eb1676-bfdc-3f21-9ef5-5559c7a3d07f
2025-05-10T02:45:17.140+02:00  INFO 9460 --- [category-service] [    Test worker] ctiveUserDetailsServiceAutoConfiguration : 

Using generated security password: 1e012300-7f05-42a7-8108-edc67db9e643

2025-05-10T02:45:17.986+02:00  INFO 9460 --- [category-service] [    Test worker] DiscoveryClientOptionalArgsConfiguration : Eureka HTTP Client uses RestTemplate.
2025-05-10T02:45:18.252+02:00  WARN 9460 --- [category-service] [    Test worker] iguration$LoadBalancerCaffeineWarnLogger : Spring Cloud LoadBalancer is currently working with the default cache. While this cache implementation is useful for development and tests, it's recommended to use Caffeine cache in production.You can switch to using Caffeine cache, by adding it and org.springframework.cache.caffeine.CaffeineCacheManager to the classpath.
2025-05-10T02:45:18.298+02:00  INFO 9460 --- [category-service] [    Test worker] c.p.c.i.CategoryControllerTest           : Started CategoryControllerTest in 5.738 seconds (process running for 9.964)
]]></system-out>
  <system-err><![CDATA[]]></system-err>
</testsuite>
