<?xml version="1.0" encoding="UTF-8"?>
<testsuite name="com.pibbletv.category_service.CategoryServiceApplicationTests" tests="1" skipped="0" failures="0" errors="0" timestamp="2025-04-10T23:39:46.762Z" hostname="DESKTOP-NS6POVE" time="0.823">
  <properties/>
  <testcase name="contextLoads()" classname="com.pibbletv.category_service.CategoryServiceApplicationTests" time="0.823"/>
  <system-out><![CDATA[01:39:41.995 [Test worker] INFO org.springframework.test.context.support.AnnotationConfigContextLoaderUtils -- Could not detect default configuration classes for test class [com.pibbletv.category_service.CategoryServiceApplicationTests]: CategoryServiceApplicationTests does not declare any static, non-private, non-final, nested classes annotated with @Configuration.
01:39:42.158 [Test worker] INFO org.springframework.boot.test.context.SpringBootTestContextBootstrapper -- Found @SpringBootConfiguration com.pibbletv.category_service.CategoryServiceApplication for test class com.pibbletv.category_service.CategoryServiceApplicationTests

  .   ____          _            __ _ _
 /\\ / ___'_ __ _ _(_)_ __  __ _ \ \ \ \
( ( )\___ | '_ | '_| | '_ \/ _` | \ \ \ \
 \\/  ___)| |_)| | | | | || (_| |  ) ) ) )
  '  |____| .__|_| |_|_| |_\__, | / / / /
 =========|_|==============|___/=/_/_/_/

 :: Spring Boot ::                (v3.4.4)

2025-04-11T01:39:43.033+02:00  INFO 7164 --- [category-service] [    Test worker] c.p.c.CategoryServiceApplicationTests    : Starting CategoryServiceApplicationTests using Java 17.0.12 with PID 7164 (started by hristo in D:\Individual Assignment\PibbleTV-Backend\category-service)
2025-04-11T01:39:43.035+02:00  INFO 7164 --- [category-service] [    Test worker] c.p.c.CategoryServiceApplicationTests    : The following 1 profile is active: "test"
2025-04-11T01:39:43.821+02:00  INFO 7164 --- [category-service] [    Test worker] .s.d.r.c.RepositoryConfigurationDelegate : Bootstrapping Spring Data R2DBC repositories in DEFAULT mode.
2025-04-11T01:39:43.974+02:00  INFO 7164 --- [category-service] [    Test worker] .s.d.r.c.RepositoryConfigurationDelegate : Finished Spring Data repository scanning in 142 ms. Found 1 R2DBC repository interface.
2025-04-11T01:39:44.245+02:00  INFO 7164 --- [category-service] [    Test worker] o.s.cloud.context.scope.GenericScope     : BeanFactory id=6e122a9b-fa1f-3fca-a53d-327a10b3d573
2025-04-11T01:39:45.506+02:00  INFO 7164 --- [category-service] [    Test worker] ctiveUserDetailsServiceAutoConfiguration : 

Using generated security password: dcfea177-b405-426d-8df2-9c7dfe1d2368

2025-04-11T01:39:45.962+02:00  INFO 7164 --- [category-service] [    Test worker] DiscoveryClientOptionalArgsConfiguration : Eureka HTTP Client uses RestTemplate.
2025-04-11T01:39:46.113+02:00  WARN 7164 --- [category-service] [    Test worker] iguration$LoadBalancerCaffeineWarnLogger : Spring Cloud LoadBalancer is currently working with the default cache. While this cache implementation is useful for development and tests, it's recommended to use Caffeine cache in production.You can switch to using Caffeine cache, by adding it and org.springframework.cache.caffeine.CaffeineCacheManager to the classpath.
2025-04-11T01:39:46.191+02:00  INFO 7164 --- [category-service] [    Test worker] o.s.c.n.eureka.InstanceInfoFactory       : Setting initial instance status as: STARTING
2025-04-11T01:39:46.222+02:00  INFO 7164 --- [category-service] [    Test worker] com.netflix.discovery.DiscoveryClient    : Initializing Eureka in region us-east-1
2025-04-11T01:39:46.235+02:00  INFO 7164 --- [category-service] [    Test worker] c.n.d.s.r.aws.ConfigClusterResolver      : Resolving eureka endpoints via configuration
2025-04-11T01:39:46.257+02:00  INFO 7164 --- [category-service] [    Test worker] com.netflix.discovery.DiscoveryClient    : Disable delta property : false
2025-04-11T01:39:46.258+02:00  INFO 7164 --- [category-service] [    Test worker] com.netflix.discovery.DiscoveryClient    : Single vip registry refresh property : null
2025-04-11T01:39:46.258+02:00  INFO 7164 --- [category-service] [    Test worker] com.netflix.discovery.DiscoveryClient    : Force full registry fetch : false
2025-04-11T01:39:46.258+02:00  INFO 7164 --- [category-service] [    Test worker] com.netflix.discovery.DiscoveryClient    : Application is null : false
2025-04-11T01:39:46.258+02:00  INFO 7164 --- [category-service] [    Test worker] com.netflix.discovery.DiscoveryClient    : Registered Applications size is zero : true
2025-04-11T01:39:46.258+02:00  INFO 7164 --- [category-service] [    Test worker] com.netflix.discovery.DiscoveryClient    : Application version is -1: true
2025-04-11T01:39:46.258+02:00  INFO 7164 --- [category-service] [    Test worker] com.netflix.discovery.DiscoveryClient    : Getting all instance registry info from the eureka server
2025-04-11T01:39:46.719+02:00  INFO 7164 --- [category-service] [    Test worker] com.netflix.discovery.DiscoveryClient    : The response status is 200
2025-04-11T01:39:46.721+02:00  INFO 7164 --- [category-service] [    Test worker] com.netflix.discovery.DiscoveryClient    : Starting heartbeat executor: renew interval is: 30
2025-04-11T01:39:46.725+02:00  INFO 7164 --- [category-service] [    Test worker] c.n.discovery.InstanceInfoReplicator     : InstanceInfoReplicator onDemand update allowed rate per min is 4
2025-04-11T01:39:46.728+02:00  INFO 7164 --- [category-service] [    Test worker] com.netflix.discovery.DiscoveryClient    : Discovery Client initialized at timestamp 1744328386726 with initial instances count: 1
2025-04-11T01:39:46.733+02:00  INFO 7164 --- [category-service] [    Test worker] o.s.c.n.e.s.EurekaServiceRegistry        : Registering application CATEGORY-SERVICE with eureka with status UP
2025-04-11T01:39:46.733+02:00  INFO 7164 --- [category-service] [    Test worker] com.netflix.discovery.DiscoveryClient    : Saw local status change event StatusChangeEvent [timestamp=1744328386733, current=UP, previous=STARTING]
2025-04-11T01:39:46.736+02:00  INFO 7164 --- [category-service] [foReplicator-%d] com.netflix.discovery.DiscoveryClient    : DiscoveryClient_CATEGORY-SERVICE/host.docker.internal:category-service:8082: registering service...
2025-04-11T01:39:46.756+02:00  INFO 7164 --- [category-service] [    Test worker] c.p.c.CategoryServiceApplicationTests    : Started CategoryServiceApplicationTests in 4.237 seconds (process running for 5.866)
2025-04-11T01:39:46.795+02:00  INFO 7164 --- [category-service] [foReplicator-%d] com.netflix.discovery.DiscoveryClient    : DiscoveryClient_CATEGORY-SERVICE/host.docker.internal:category-service:8082 - registration status: 204
]]></system-out>
  <system-err><![CDATA[]]></system-err>
</testsuite>
